<?xml version="1.0" encoding="UTF-8"?>
<!-- Generated by org.testng.reporters.JUnitReportReporter -->
<testsuite hostname="DESKTOP-NBJ6CON" failures="0" tests="1" name="Navigate.OpenMRSTest" time="10.553" errors="0" timestamp="2023-12-13T12:24:55 IST" skipped="0">
  <testcase classname="Navigate.OpenMRSTest" name="performAppointment" time="10.553"/>
  <system-out/>
</testsuite> <!-- Navigate.OpenMRSTest -->
