<?xml version="1.0" encoding="UTF-8"?>
<!-- Generated by org.testng.reporters.JUnitReportReporter -->
<testsuite hostname="DESKTOP-NBJ6CON" failures="0" tests="1" name="Navigate.log4j" time="0.035" errors="0" timestamp="2023-12-11T18:25:02 IST" skipped="0">
  <testcase classname="Navigate.log4j" name="method1" time="0.035"/>
  <system-out/>
</testsuite> <!-- Navigate.log4j -->
