<?xml version="1.0" encoding="UTF-8"?>
<!-- Generated by org.testng.reporters.JUnitReportReporter -->
<testsuite hostname="DESKTOP-NBJ6CON" failures="0" tests="1" name="com.app.TestNG.Extentreports.Extentreportsdemo" time="4.600" errors="0" timestamp="2023-12-12T10:54:05 IST" skipped="0">
  <testcase classname="com.app.TestNG.Extentreports.Extentreportsdemo" name="extentDemo2" time="4.600"/>
  <system-out/>
</testsuite> <!-- com.app.TestNG.Extentreports.Extentreportsdemo -->
